. (main):
         example.go
                   import
                         "time"
                         "./animator"
                         "./color"
                   func example
         main.go
                import
                      "./gdoc"
                      "./spec"
                      "fmt"
                      "os"
                func GdocEx
                func main
animator:
         animator.go
                    import
                          "fmt"
                          "time"
                          "../color"
                    var Wait
                    const A
                    type Animator
                    func New
                    func Animate
                    func SetColor
                    func animate
                    func print
                    func wait
                    func Stop
                    func init
color:
      color.go
              import
                    "encoding/hex"
                    "fmt"
                    "os"
              type Color
              func New
              func init
              func String
              func Apply
              func color
              func dec
              func check
decls:
      consts.go
               const a
               const
                    b                    c
                    d                    e
               const f
               const g
               const h
               const
                    A
                    B
                    C
      funcs.go
              func complexSqr
              func do
              func ok
              func a
              func b
              func c
      types.go
              type AType
              type AIntr
              type
                  Impl
                  Foo
              type BType
              type EmptyI
              type EmptyS
      vars.go
             var i
             var U V W
             var k
             var x y
             var
                j
                u                v                s
             var entries
             var m1 m2 m3
gdoc:
     parser.go
              import
                    "bytes"
                    "encoding/json"
                    "fmt"
                    "os"
                    "os/exec"
                    "strings"
                    "../linked"
              var types
              var defs
              func init
              func Generate
              func addDef
              func addFunc
              func parse
              func parseLine
              func run
              func isFatal
linked:
       map.go
             import "fmt"
             type Map
             func NewMap
             func Put
             func Get
             func Keys
             func String
spec:
     adoc.go
            import
                  "bytes"
                  "fmt"
                  "go/ast"
                  "go/parser"
                  "go/token"
                  "os"
                  "path/filepath"
                  "strings"
            var fset
            var dirRoot
            var pad
            var buf
            var out1
            var out2
            func filter
            func walker
            func interpret
            func reprGenDecl
            func reprFuncDecl
            func reprSpec
            func Explore
            func init
            func check
     spec.go
            import
                  "fmt"
                  "go/ast"
                  "go/token"
                  "strings"
            type Package
            type Value
            type Type
            type Func
            func New
            func String
            func read
            func readDecl
            func readValue
            func readFunc
            func readType
            func readFields
            func readExpr
            func readObj
     utils.go
             import
                   "fmt"
                   "reflect"
                   "sort"
             func sillySort
             func vprint
